{
  "RSpec": {
    "coverage": {
      "/home/tawhid/RailsProjects/bookstore_app/spec/controllers/users_controller_spec.rb": [
        1,
        null,
        1,
        null,
        1,
        1,
        1,
        1,
        1,
        null,
        null,
        null,
        1,
        1,
        1,
        1,
        null,
        null,
        null,
        1,
        1,
        1,
        1,
        1,
        null,
        null,
        1,
        1,
        1,
        null,
        null,
        1,
        1,
        1,
        null,
        null,
        null,
        1,
        1,
        1,
        1,
        null,
        1,
        1,
        1,
        null,
        null,
        null,
        null,
        null
      ],
      "/home/tawhid/RailsProjects/bookstore_app/spec/rails_helper.rb": [
        null,
        1,
        1,
        1,
        1,
        1,
        null,
        null,
        null,
        null,
        null,
        null,
        null,
        null,
        null,
        null,
        null,
        null,
        null,
        null,
        null,
        null,
        null,
        null,
        null,
        1,
        null,
        1,
        null,
        1,
        null,
        null,
        null,
        null,
        1,
        null,
        null,
        null,
        null,
        null,
        null,
        null,
        null,
        null,
        null,
        null,
        null,
        null,
        null,
        1,
        null,
        null,
        1,
        1,
        null,
        1,
        null,
        null,
        null,
        null,
        null,
        1,
        1,
        1,
        null,
        1,
        null,
        null
      ],
      "/home/tawhid/RailsProjects/bookstore_app/config/environment.rb": [
        null,
        1,
        null,
        null,
        1,
        1
      ],
      "/home/tawhid/RailsProjects/bookstore_app/config/application.rb": [
        1,
        null,
        1,
        null,
        1,
        1,
        1,
        1,
        1,
        1,
        1,
        null,
        null,
        null,
        null,
        1,
        null,
        1,
        1,
        null,
        null,
        null,
        null,
        null,
        null,
        null,
        null,
        null,
        null,
        null,
        null,
        null,
        1,
        null,
        null
      ],
      "/home/tawhid/RailsProjects/bookstore_app/config/boot.rb": [
        1,
        null,
        1
      ],
      "/home/tawhid/RailsProjects/bookstore_app/config/environments/test.rb": [
        1,
        null,
        null,
        null,
        null,
        null,
        null,
        1,
        null,
        null,
        null,
        null,
        1,
        null,
        null,
        1,
        1,
        null,
        null,
        1,
        1,
        null,
        null,
        1,
        null,
        null,
        1,
        null,
        null,
        null,
        null,
        1,
        null,
        null,
        1,
        null,
        null,
        1,
        null,
        null,
        null,
        null
      ],
      "/home/tawhid/RailsProjects/bookstore_app/config/initializers/assets.rb": [
        null,
        null,
        null,
        1,
        null,
        null,
        null,
        null,
        null,
        null,
        null
      ],
      "/home/tawhid/RailsProjects/bookstore_app/config/initializers/backtrace_silencers.rb": [
        null,
        null,
        null,
        null,
        null,
        null,
        null
      ],
      "/home/tawhid/RailsProjects/bookstore_app/config/initializers/carrierwave.rb": [
        1,
        1,
        1,
        1,
        1,
        1,
        1,
        null
      ],
      "/home/tawhid/RailsProjects/bookstore_app/config/initializers/cookies_serializer.rb": [
        null,
        null,
        1
      ],
      "/home/tawhid/RailsProjects/bookstore_app/config/initializers/filter_parameter_logging.rb": [
        null,
        null,
        null,
        1
      ],
      "/home/tawhid/RailsProjects/bookstore_app/config/initializers/inflections.rb": [
        null,
        null,
        null,
        null,
        null,
        null,
        null,
        null,
        null,
        null,
        null,
        null,
        null,
        null,
        null,
        null
      ],
      "/home/tawhid/RailsProjects/bookstore_app/config/initializers/mime_types.rb": [
        null,
        null,
        null,
        null
      ],
      "/home/tawhid/RailsProjects/bookstore_app/config/initializers/session_store.rb": [
        null,
        null,
        1
      ],
      "/home/tawhid/RailsProjects/bookstore_app/config/initializers/wrap_parameters.rb": [
        null,
        null,
        null,
        null,
        null,
        null,
        1,
        1,
        null,
        null,
        null,
        null,
        null,
        null
      ],
      "/home/tawhid/RailsProjects/bookstore_app/config/routes.rb": [
        1,
        1,
        1,
        null
      ],
      "/home/tawhid/RailsProjects/bookstore_app/app/helpers/application_helper.rb": [
        1,
        null
      ],
      "/home/tawhid/RailsProjects/bookstore_app/app/helpers/authors_helper.rb": [
        1,
        null
      ],
      "/home/tawhid/RailsProjects/bookstore_app/app/helpers/publishers_helper.rb": [
        1,
        null
      ],
      "/home/tawhid/RailsProjects/bookstore_app/app/controllers/users_controller.rb": [
        1,
        null,
        1,
        null,
        null,
        null,
        1,
        1,
        null,
        null,
        1,
        5,
        5,
        3,
        3,
        null,
        2,
        2,
        null,
        null,
        null,
        1,
        null,
        1,
        5,
        null,
        null
      ],
      "/home/tawhid/RailsProjects/bookstore_app/app/controllers/application_controller.rb": [
        1,
        null,
        null,
        1,
        null
      ],
      "/home/tawhid/RailsProjects/bookstore_app/spec/fabricators/author_fabricator.rb": [
        1,
        0,
        0,
        null
      ],
      "/home/tawhid/RailsProjects/bookstore_app/spec/fabricators/book_fabricator.rb": [
        1,
        0,
        0,
        0,
        0,
        0,
        0,
        0,
        null
      ],
      "/home/tawhid/RailsProjects/bookstore_app/spec/fabricators/publisher_fabricator.rb": [
        1,
        0,
        null
      ],
      "/home/tawhid/RailsProjects/bookstore_app/spec/fabricators/user_fabricator.rb": [
        1,
        6,
        8,
        8,
        8,
        null
      ],
      "/home/tawhid/RailsProjects/bookstore_app/app/models/user.rb": [
        1,
        1,
        null,
        1,
        null,
        1,
        0,
        null,
        null
      ]
    },
    "timestamp": 1456816055
  }
}
